<?xml version="1.0" encoding="UTF-8"?>
<!-- Generated by org.testng.reporters.JUnitReportReporter -->
<testsuite hostname="LAPTOP-J0PQO7DR" failures="0" tests="1" name="maventest.Marinetest_k" time="45.846" errors="0" timestamp="2023-10-09T14:29:08 IST" skipped="0">
  <testcase classname="maventest.Marinetest_k" name="test" time="45.846"/>
</testsuite> <!-- maventest.Marinetest_k -->
