<?xml version="1.0" encoding="UTF-8"?>
<!-- Generated by org.testng.reporters.JUnitReportReporter -->
<testsuite hostname="LAPTOP-J0PQO7DR" failures="0" tests="1" name="maventest.Foundit_test" time="215.433" errors="0" timestamp="2023-10-27T13:27:56 IST" skipped="0">
  <testcase classname="maventest.Foundit_test" name="test" time="215.433"/>
</testsuite> <!-- maventest.Foundit_test -->
